Arguments: 
  /usr/bin/node /usr/local/bin/yarn

PATH: 
  /usr/local/sbin:/usr/local/bin:/usr/sbin:/usr/bin:/sbin:/bin:/usr/games:/usr/local/games:/snap/bin:/snap/bin

Yarn version: 
  1.22.10

Node version: 
  12.21.0

Platform: 
  linux x64

Trace: 
  Error: https://registry.yarnpkg.com/@prisma: Request "https://registry.yarnpkg.com/@prisma" returned a 405
      at Request.params.callback [as _callback] (/usr/local/lib/node_modules/yarn/lib/cli.js:66997:18)
      at Request.self.callback (/usr/local/lib/node_modules/yarn/lib/cli.js:140662:22)
      at Request.emit (events.js:314:20)
      at Request.<anonymous> (/usr/local/lib/node_modules/yarn/lib/cli.js:141634:10)
      at Request.emit (events.js:314:20)
      at IncomingMessage.<anonymous> (/usr/local/lib/node_modules/yarn/lib/cli.js:141556:12)
      at Object.onceWrapper (events.js:420:28)
      at IncomingMessage.emit (events.js:326:22)
      at endReadableNT (_stream_readable.js:1241:12)
      at processTicksAndRejections (internal/process/task_queues.js:84:21)

npm manifest: 
  {
    "name": "asyncapistudio",
    "version": "0.1.0",
    "main": "src/server.js",
    "scripts": {
      "dev": "nodemon src/main.js",
      "dev:prepare": "node scripts/prepare-dev.js",
      "prepare": "node scripts/prepare.js",
      "build": "next build",
      "start": "node src/main.js",
      "test": "jest",
      "prisma:generate": "prisma generate",
      "db:migrate:save": "prisma migrate save --experimental",
      "db:migrate:up": "prisma migrate up --experimental",
      "db:migrate:down": "prisma migrate down --experimental"
    },
    "license": "Apache-2.0",
    "dependencies": {
      "@asyncapi/generator": "^1.6.0",
      "@asyncapi/html-template": "^0.18.1",
      "@asyncapi/markdown-template": "^0.9.0",
      "@asyncapi/parser": "^0.18.3",
      "@asyncapistudio/plugin-sentry": "^0.2.1",
      "@asyncapistudio/plugin-waiting-list": "^0.1.1",
      "@fmvilas/pseudo-yaml-ast": "^0.2.0",
      "@fullhuman/postcss-purgecss": "^2.1.0",
      "@monaco-editor/react": "^3.2.1",
      "@prisma": "^2.0.0-beta.4",
      "@prisma/client": "^2.0.0-beta.5",
      "@tailwindcss/ui": "^0.1.3",
      "@zeit/next-css": "^1.0.1",
      "analytics-node": "^3.4.0-beta.1",
      "archiver": "^3.1.1",
      "async": "^3.2.0",
      "autoprefixer": "^9.7.4",
      "body-parser": "^1.19.0",
      "chalk": "^4.0.0",
      "codemirror": "^5.53.2",
      "connect-redis": "^4.0.4",
      "css-loader": "^3.4.2",
      "dotenv": "^8.2.0",
      "emojis": "^1.0.10",
      "express": "^4.17.1",
      "express-session": "^1.17.0",
      "lodash": "^4.17.15",
      "mailchimp-api-v3": "^1.13.1",
      "md5": "^2.2.1",
      "moment": "^2.24.0",
      "morgan": "^1.9.1",
      "next": "^10.0.8",
      "next-route-to-express-route": "^0.2.0",
      "next-transpile-modules": "^6.3.0",
      "passport": "^0.4.1",
      "passport-github2": "^0.1.11",
      "postcss-import": "^12.0.1",
      "problem-json": "^0.3.0",
      "pseudo-yaml-ast": "^1.0.10",
      "react": "^16.13.0",
      "react-dom": "^16.13.0",
      "react-icons": "^3.9.0",
      "redis": "^3.0.2",
      "req-flash": "0.0.3",
      "slugify": "^1.4.0",
      "tailwindcss": "^1.2.0",
      "url-search-params-polyfill": "^8.0.0",
      "uuid": "^7.0.2",
      "word-wrap": "^1.2.3",
      "yaml-ast-parser": "0.0.43"
    },
    "devDependencies": {
      "eslint": "^6.8.0",
      "eslint-plugin-jest": "^23.9.0",
      "eslint-plugin-react": "^7.18.3",
      "jest": "^26.0.1",
      "nodemon": "^2.0.2"
    }
  }

yarn manifest: 
  No manifest

Lockfile: 
  No lockfile
