
> ui@0.0.0 build
> tsup

CLI Building entry: components/Sidebar.tsx, components/Tooltip.tsx, components/index.tsx
CLI Using tsconfig: tsconfig.json
CLI tsup v6.7.0
CLI Using tsup config: /Users/fmvilas/www/studio/packages/ui/tsup.config.ts
CLI Target: es6
CLI Cleaning output folder
ESM Build start

warn - No utility classes were detected in your source files. If this is unexpected, double-check the `content` option in your Tailwind CSS configuration.
warn - https://tailwindcss.com/docs/content-configuration
DTS Build start
"useMemo" is imported from external module "react" but never used in "dist/chunk-7KTQMWF3.mjs".
ESM dist/index.css          4.29 KB
ESM dist/Tooltip.mjs        53.00 B
ESM dist/chunk-7KTQMWF3.mjs 458.53 KB
ESM dist/index.mjs          106.00 B
ESM dist/Sidebar.mjs        84.00 B
ESM dist/chunk-W27JS3GS.mjs 852.00 B
ESM ⚡️ Build success in 2492ms
DTS ⚡️ Build success in 3662ms
DTS dist/index.d.ts   121.00 B
DTS dist/Sidebar.d.ts 363.00 B
DTS dist/Tooltip.d.ts 154.00 B
